This is pdfTeX, Version 3.141592653-2.6-1.40.23 (TeX Live 2022/dev) (preloaded format=pdflatex 2022.2.25)  21 MAR 2022 20:45
entering extended mode
 restricted \write18 enabled.
 %&-line parsing enabled.
**"/Users/paulyna/Documents/Github/Gene Analysis/./PDFs_outcome/GSE75037.tex"
(/Users/paulyna/Documents/Github/Gene Analysis/./PDFs_outcome/GSE75037.tex
LaTeX2e <2021-11-15> patch level 1
L3 programming layer <2022-02-24> (/Users/paulyna/Library/TinyTeX/texmf-dist/te
x/latex/base/article.cls
Document Class: article 2021/10/04 v1.4n Standard LaTeX document class
(/Users/paulyna/Library/TinyTeX/texmf-dist/tex/latex/base/size10.clo
File: size10.clo 2021/10/04 v1.4n Standard LaTeX file (size option)
)
\c@part=\count185
\c@section=\count186
\c@subsection=\count187
\c@subsubsection=\count188
\c@paragraph=\count189
\c@subparagraph=\count190
\c@figure=\count191
\c@table=\count192
\abovecaptionskip=\skip47
\belowcaptionskip=\skip48
\bibindent=\dimen138
) (/Users/paulyna/Library/TinyTeX/texmf-dist/tex/latex/amsmath/amsmath.sty
Package: amsmath 2021/10/15 v2.17l AMS math features
\@mathmargin=\skip49
For additional information on amsmath, use the `?' option.
(/Users/paulyna/Library/TinyTeX/texmf-dist/tex/latex/amsmath/amstext.sty
Package: amstext 2021/08/26 v2.01 AMS text
(/Users/paulyna/Library/TinyTeX/texmf-dist/tex/latex/amsmath/amsgen.sty
File: amsgen.sty 1999/11/30 v2.0 generic functions
\@emptytoks=\toks16
\ex@=\dimen139
)) (/Users/paulyna/Library/TinyTeX/texmf-dist/tex/latex/amsmath/amsbsy.sty
Package: amsbsy 1999/11/29 v1.2d Bold Symbols
\pmbraise@=\dimen140
) (/Users/paulyna/Library/TinyTeX/texmf-dist/tex/latex/amsmath/amsopn.sty
Package: amsopn 2021/08/26 v2.02 operator names
)
\inf@bad=\count193
LaTeX Info: Redefining \frac on input line 234.
\uproot@=\count194
\leftroot@=\count195
LaTeX Info: Redefining \overline on input line 399.
\classnum@=\count196
\DOTSCASE@=\count197
LaTeX Info: Redefining \ldots on input line 496.
LaTeX Info: Redefining \dots on input line 499.
LaTeX Info: Redefining \cdots on input line 620.
\Mathstrutbox@=\box50
\strutbox@=\box51
\big@size=\dimen141
LaTeX Font Info:    Redeclaring font encoding OML on input line 743.
LaTeX Font Info:    Redeclaring font encoding OMS on input line 744.
\macc@depth=\count198
\c@MaxMatrixCols=\count199
\dotsspace@=\muskip16
\c@parentequation=\count266
\dspbrk@lvl=\count267
\tag@help=\toks17
\row@=\count268
\column@=\count269
\maxfields@=\count270
\andhelp@=\toks18
\eqnshift@=\dimen142
\alignsep@=\dimen143
\tagshift@=\dimen144
\tagwidth@=\dimen145
\totwidth@=\dimen146
\lineht@=\dimen147
\@envbody=\toks19
\multlinegap=\skip50
\multlinetaggap=\skip51
\mathdisplay@stack=\toks20
LaTeX Info: Redefining \[ on input line 2938.
LaTeX Info: Redefining \] on input line 2939.
) (/Users/paulyna/Library/TinyTeX/texmf-dist/tex/latex/amsfonts/amssymb.sty
Package: amssymb 2013/01/14 v3.01 AMS font symbols
(/Users/paulyna/Library/TinyTeX/texmf-dist/tex/latex/amsfonts/amsfonts.sty
Package: amsfonts 2013/01/14 v3.01 Basic AMSFonts support
\symAMSa=\mathgroup4
\symAMSb=\mathgroup5
LaTeX Font Info:    Redeclaring math symbol \hbar on input line 98.
LaTeX Font Info:    Overwriting math alphabet `\mathfrak' in version `bold'
(Font)                  U/euf/m/n --> U/euf/b/n on input line 106.
)) (/Users/paulyna/Library/TinyTeX/texmf-dist/tex/latex/lm/lmodern.sty
Package: lmodern 2015/05/01 v1.6.1 Latin Modern Fonts
LaTeX Font Info:    Overwriting symbol font `operators' in version `normal'
(Font)                  OT1/cmr/m/n --> OT1/lmr/m/n on input line 22.
LaTeX Font Info:    Overwriting symbol font `letters' in version `normal'
(Font)                  OML/cmm/m/it --> OML/lmm/m/it on input line 23.
LaTeX Font Info:    Overwriting symbol font `symbols' in version `normal'
(Font)                  OMS/cmsy/m/n --> OMS/lmsy/m/n on input line 24.
LaTeX Font Info:    Overwriting symbol font `largesymbols' in version `normal'
(Font)                  OMX/cmex/m/n --> OMX/lmex/m/n on input line 25.
LaTeX Font Info:    Overwriting symbol font `operators' in version `bold'
(Font)                  OT1/cmr/bx/n --> OT1/lmr/bx/n on input line 26.
LaTeX Font Info:    Overwriting symbol font `letters' in version `bold'
(Font)                  OML/cmm/b/it --> OML/lmm/b/it on input line 27.
LaTeX Font Info:    Overwriting symbol font `symbols' in version `bold'
(Font)                  OMS/cmsy/b/n --> OMS/lmsy/b/n on input line 28.
LaTeX Font Info:    Overwriting symbol font `largesymbols' in version `bold'
(Font)                  OMX/cmex/m/n --> OMX/lmex/m/n on input line 29.
LaTeX Font Info:    Overwriting math alphabet `\mathbf' in version `normal'
(Font)                  OT1/cmr/bx/n --> OT1/lmr/bx/n on input line 31.
LaTeX Font Info:    Overwriting math alphabet `\mathsf' in version `normal'
(Font)                  OT1/cmss/m/n --> OT1/lmss/m/n on input line 32.
LaTeX Font Info:    Overwriting math alphabet `\mathit' in version `normal'
(Font)                  OT1/cmr/m/it --> OT1/lmr/m/it on input line 33.
LaTeX Font Info:    Overwriting math alphabet `\mathtt' in version `normal'
(Font)                  OT1/cmtt/m/n --> OT1/lmtt/m/n on input line 34.
LaTeX Font Info:    Overwriting math alphabet `\mathbf' in version `bold'
(Font)                  OT1/cmr/bx/n --> OT1/lmr/bx/n on input line 35.
LaTeX Font Info:    Overwriting math alphabet `\mathsf' in version `bold'
(Font)                  OT1/cmss/bx/n --> OT1/lmss/bx/n on input line 36.
LaTeX Font Info:    Overwriting math alphabet `\mathit' in version `bold'
(Font)                  OT1/cmr/bx/it --> OT1/lmr/bx/it on input line 37.
LaTeX Font Info:    Overwriting math alphabet `\mathtt' in version `bold'
(Font)                  OT1/cmtt/m/n --> OT1/lmtt/m/n on input line 38.
) (/Users/paulyna/Library/TinyTeX/texmf-dist/tex/generic/iftex/ifxetex.sty
Package: ifxetex 2019/10/25 v0.7 ifxetex legacy package. Use iftex instead.
(/Users/paulyna/Library/TinyTeX/texmf-dist/tex/generic/iftex/iftex.sty
Package: iftex 2022/02/03 v1.0f TeX engine tests
)) (/Users/paulyna/Library/TinyTeX/texmf-dist/tex/generic/iftex/ifluatex.sty
Package: ifluatex 2019/10/25 v1.5 ifluatex legacy package. Use iftex instead.
) (/Users/paulyna/Library/TinyTeX/texmf-dist/tex/latex/base/fontenc.sty
Package: fontenc 2021/04/29 v2.0v Standard LaTeX package
LaTeX Font Info:    Trying to load font information for T1+lmr on input line 11
2.
(/Users/paulyna/Library/TinyTeX/texmf-dist/tex/latex/lm/t1lmr.fd
File: t1lmr.fd 2015/05/01 v1.6.1 Font defs for Latin Modern
)) (/Users/paulyna/Library/TinyTeX/texmf-dist/tex/latex/base/inputenc.sty
Package: inputenc 2021/02/14 v1.3d Input encoding file
\inpenc@prehook=\toks21
\inpenc@posthook=\toks22
) (/Users/paulyna/Library/TinyTeX/texmf-dist/tex/latex/base/textcomp.sty
Package: textcomp 2020/02/02 v2.0n Standard LaTeX package
) (/Users/paulyna/Library/TinyTeX/texmf-dist/tex/latex/xcolor/xcolor.sty
Package: xcolor 2021/10/31 v2.13 LaTeX color extensions (UK)
(/Users/paulyna/Library/TinyTeX/texmf-dist/tex/latex/graphics-cfg/color.cfg
File: color.cfg 2016/01/02 v1.6 sample color configuration
)
Package xcolor Info: Driver file: pdftex.def on input line 227.
(/Users/paulyna/Library/TinyTeX/texmf-dist/tex/latex/graphics-def/pdftex.def
File: pdftex.def 2020/10/05 v1.2a Graphics/color driver for pdftex
)
Package xcolor Info: Model `cmy' substituted by `cmy0' on input line 1352.
Package xcolor Info: Model `hsb' substituted by `rgb' on input line 1356.
Package xcolor Info: Model `RGB' extended on input line 1368.
Package xcolor Info: Model `HTML' substituted by `rgb' on input line 1370.
Package xcolor Info: Model `Hsb' substituted by `hsb' on input line 1371.
Package xcolor Info: Model `tHsb' substituted by `hsb' on input line 1372.
Package xcolor Info: Model `HSB' substituted by `hsb' on input line 1373.
Package xcolor Info: Model `Gray' substituted by `gray' on input line 1374.
Package xcolor Info: Model `wave' substituted by `hsb' on input line 1375.
) (/Users/paulyna/Library/TinyTeX/texmf-dist/tex/latex/hyperref/hyperref.sty
Package: hyperref 2022-02-21 v7.00n Hypertext links for LaTeX
(/Users/paulyna/Library/TinyTeX/texmf-dist/tex/generic/ltxcmds/ltxcmds.sty
Package: ltxcmds 2020-05-10 v1.25 LaTeX kernel commands for general use (HO)
)
(/Users/paulyna/Library/TinyTeX/texmf-dist/tex/generic/pdftexcmds/pdftexcmds.st
y
Package: pdftexcmds 2020-06-27 v0.33 Utility functions of pdfTeX for LuaTeX (HO
)
(/Users/paulyna/Library/TinyTeX/texmf-dist/tex/generic/infwarerr/infwarerr.sty
Package: infwarerr 2019/12/03 v1.5 Providing info/warning/error messages (HO)
)
Package pdftexcmds Info: \pdf@primitive is available.
Package pdftexcmds Info: \pdf@ifprimitive is available.
Package pdftexcmds Info: \pdfdraftmode found.
) (/Users/paulyna/Library/TinyTeX/texmf-dist/tex/latex/graphics/keyval.sty
Package: keyval 2014/10/28 v1.15 key=value parser (DPC)
\KV@toks@=\toks23
) (/Users/paulyna/Library/TinyTeX/texmf-dist/tex/generic/kvsetkeys/kvsetkeys.st
y
Package: kvsetkeys 2019/12/15 v1.18 Key value parser (HO)
)
(/Users/paulyna/Library/TinyTeX/texmf-dist/tex/generic/kvdefinekeys/kvdefinekey
s.sty
Package: kvdefinekeys 2019-12-19 v1.6 Define keys (HO)
) (/Users/paulyna/Library/TinyTeX/texmf-dist/tex/generic/pdfescape/pdfescape.st
y
Package: pdfescape 2019/12/09 v1.15 Implements pdfTeX's escape features (HO)
) (/Users/paulyna/Library/TinyTeX/texmf-dist/tex/latex/hycolor/hycolor.sty
Package: hycolor 2020-01-27 v1.10 Color options for hyperref/bookmark (HO)
)
(/Users/paulyna/Library/TinyTeX/texmf-dist/tex/latex/letltxmacro/letltxmacro.st
y
Package: letltxmacro 2019/12/03 v1.6 Let assignment for LaTeX macros (HO)
) (/Users/paulyna/Library/TinyTeX/texmf-dist/tex/latex/auxhook/auxhook.sty
Package: auxhook 2019-12-17 v1.6 Hooks for auxiliary files (HO)
) (/Users/paulyna/Library/TinyTeX/texmf-dist/tex/latex/kvoptions/kvoptions.sty
Package: kvoptions 2020-10-07 v3.14 Key value format for package options (HO)
)
\@linkdim=\dimen148
\Hy@linkcounter=\count271
\Hy@pagecounter=\count272
(/Users/paulyna/Library/TinyTeX/texmf-dist/tex/latex/hyperref/pd1enc.def
File: pd1enc.def 2022-02-21 v7.00n Hyperref: PDFDocEncoding definition (HO)
Now handling font encoding PD1 ...
... no UTF-8 mapping file for font encoding PD1
) (/Users/paulyna/Library/TinyTeX/texmf-dist/tex/generic/intcalc/intcalc.sty
Package: intcalc 2019/12/15 v1.3 Expandable calculations with integers (HO)
) (/Users/paulyna/Library/TinyTeX/texmf-dist/tex/generic/etexcmds/etexcmds.sty
Package: etexcmds 2019/12/15 v1.7 Avoid name clashes with e-TeX commands (HO)
)
\Hy@SavedSpaceFactor=\count273
(/Users/paulyna/Library/TinyTeX/texmf-dist/tex/latex/hyperref/puenc.def
File: puenc.def 2022-02-21 v7.00n Hyperref: PDF Unicode definition (HO)
Now handling font encoding PU ...
... no UTF-8 mapping file for font encoding PU
)
Package hyperref Info: Option `unicode' set `true' on input line 4018.
Package hyperref Info: Hyper figures OFF on input line 4137.
Package hyperref Info: Link nesting OFF on input line 4142.
Package hyperref Info: Hyper index ON on input line 4145.
Package hyperref Info: Plain pages OFF on input line 4152.
Package hyperref Info: Backreferencing OFF on input line 4157.
Package hyperref Info: Implicit mode ON; LaTeX internals redefined.
Package hyperref Info: Bookmarks ON on input line 4390.
\c@Hy@tempcnt=\count274
(/Users/paulyna/Library/TinyTeX/texmf-dist/tex/latex/url/url.sty
\Urlmuskip=\muskip17
Package: url 2013/09/16  ver 3.4  Verb mode for urls, etc.
)
LaTeX Info: Redefining \url on input line 4749.
\XeTeXLinkMargin=\dimen149
(/Users/paulyna/Library/TinyTeX/texmf-dist/tex/generic/bitset/bitset.sty
Package: bitset 2019/12/09 v1.3 Handle bit-vector datatype (HO)

(/Users/paulyna/Library/TinyTeX/texmf-dist/tex/generic/bigintcalc/bigintcalc.st
y
Package: bigintcalc 2019/12/15 v1.5 Expandable calculations on big integers (HO
)
))
\Fld@menulength=\count275
\Field@Width=\dimen150
\Fld@charsize=\dimen151
Package hyperref Info: Hyper figures OFF on input line 6027.
Package hyperref Info: Link nesting OFF on input line 6032.
Package hyperref Info: Hyper index ON on input line 6035.
Package hyperref Info: backreferencing OFF on input line 6042.
Package hyperref Info: Link coloring OFF on input line 6047.
Package hyperref Info: Link coloring with OCG OFF on input line 6052.
Package hyperref Info: PDF/A mode OFF on input line 6057.
LaTeX Info: Redefining \ref on input line 6097.
LaTeX Info: Redefining \pageref on input line 6101.
(/Users/paulyna/Library/TinyTeX/texmf-dist/tex/latex/base/atbegshi-ltx.sty
Package: atbegshi-ltx 2021/01/10 v1.0c Emulation of the original atbegshi
package with kernel methods
)
\Hy@abspage=\count276
\c@Item=\count277
\c@Hfootnote=\count278
)
Package hyperref Info: Driver (autodetected): hpdftex.
(/Users/paulyna/Library/TinyTeX/texmf-dist/tex/latex/hyperref/hpdftex.def
File: hpdftex.def 2022-02-21 v7.00n Hyperref driver for pdfTeX
(/Users/paulyna/Library/TinyTeX/texmf-dist/tex/latex/base/atveryend-ltx.sty
Package: atveryend-ltx 2020/08/19 v1.0a Emulation of the original atveryend pac
kage
with kernel methods
)
\Fld@listcount=\count279
\c@bookmark@seq@number=\count280

(/Users/paulyna/Library/TinyTeX/texmf-dist/tex/latex/rerunfilecheck/rerunfilech
eck.sty
Package: rerunfilecheck 2019/12/05 v1.9 Rerun checks for auxiliary files (HO)

(/Users/paulyna/Library/TinyTeX/texmf-dist/tex/generic/uniquecounter/uniquecoun
ter.sty
Package: uniquecounter 2019/12/15 v1.4 Provide unlimited unique counter (HO)
)
Package uniquecounter Info: New unique counter `rerunfilecheck' on input line 2
86.
)
\Hy@SectionHShift=\skip52
) (/Users/paulyna/Library/TinyTeX/texmf-dist/tex/latex/geometry/geometry.sty
Package: geometry 2020/01/02 v5.9 Page Geometry
(/Users/paulyna/Library/TinyTeX/texmf-dist/tex/generic/iftex/ifvtex.sty
Package: ifvtex 2019/10/25 v1.7 ifvtex legacy package. Use iftex instead.
)
\Gm@cnth=\count281
\Gm@cntv=\count282
\c@Gm@tempcnt=\count283
\Gm@bindingoffset=\dimen152
\Gm@wd@mp=\dimen153
\Gm@odd@mp=\dimen154
\Gm@even@mp=\dimen155
\Gm@layoutwidth=\dimen156
\Gm@layoutheight=\dimen157
\Gm@layouthoffset=\dimen158
\Gm@layoutvoffset=\dimen159
\Gm@dimlist=\toks24
) (/Users/paulyna/Library/TinyTeX/texmf-dist/tex/latex/fancyvrb/fancyvrb.sty
Package: fancyvrb 2021/12/21 4.1b verbatim text (tvz,hv)
\FV@CodeLineNo=\count284
\FV@InFile=\read2
\FV@TabBox=\box52
\c@FancyVerbLine=\count285
\FV@StepNumber=\count286
\FV@OutFile=\write3
) (/Users/paulyna/Library/TinyTeX/texmf-dist/tex/latex/framed/framed.sty
Package: framed 2011/10/22 v 0.96: framed or shaded text with page breaks
\OuterFrameSep=\skip53
\fb@frw=\dimen160
\fb@frh=\dimen161
\FrameRule=\dimen162
\FrameSep=\dimen163
) (/Users/paulyna/Library/TinyTeX/texmf-dist/tex/latex/graphics/graphicx.sty
Package: graphicx 2021/09/16 v1.2d Enhanced LaTeX Graphics (DPC,SPQR)
(/Users/paulyna/Library/TinyTeX/texmf-dist/tex/latex/graphics/graphics.sty
Package: graphics 2021/03/04 v1.4d Standard LaTeX Graphics (DPC,SPQR)
(/Users/paulyna/Library/TinyTeX/texmf-dist/tex/latex/graphics/trig.sty
Package: trig 2021/08/11 v1.11 sin cos tan (DPC)
) (/Users/paulyna/Library/TinyTeX/texmf-dist/tex/latex/graphics-cfg/graphics.cf
g
File: graphics.cfg 2016/06/04 v1.11 sample graphics configuration
)
Package graphics Info: Driver file: pdftex.def on input line 107.
)
\Gin@req@height=\dimen164
\Gin@req@width=\dimen165
) (/Users/paulyna/Library/TinyTeX/texmf-dist/tex/latex/gb4e/gb4e.sty (/Users/pa
ulyna/Library/TinyTeX/texmf-dist/tex/latex/gb4e/cgloss4e.sty
\lineone=\box53
\linetwo=\box54
\linethree=\box55
\wordone=\box56
\wordtwo=\box57
\wordthree=\box58
\gline=\box59
\glossglue=\skip54
)
\c@fnx=\count287
\@xnumdepth=\count288
\c@xnumi=\count289
\c@xnumii=\count290
\c@xnumiii=\count291
\c@xnumiv=\count292
\c@exx=\count293
\c@rxnumi=\count294
\c@rxnumii=\count295
\c@rxnumiii=\count296
\c@rxnumiv=\count297
\lcommentsep=\skip55
) (/Users/paulyna/Library/TinyTeX/texmf-dist/tex/latex/booktabs/booktabs.sty
Package: booktabs 2020/01/12 v1.61803398 Publication quality tables
\heavyrulewidth=\dimen166
\lightrulewidth=\dimen167
\cmidrulewidth=\dimen168
\belowrulesep=\dimen169
\belowbottomsep=\dimen170
\aboverulesep=\dimen171
\abovetopsep=\dimen172
\cmidrulesep=\dimen173
\cmidrulekern=\dimen174
\defaultaddspace=\dimen175
\@cmidla=\count298
\@cmidlb=\count299
\@aboverulesep=\dimen176
\@belowrulesep=\dimen177
\@thisruleclass=\count300
\@lastruleclass=\count301
\@thisrulewidth=\dimen178
) (/Users/paulyna/Library/TinyTeX/texmf-dist/tex/latex/tools/longtable.sty
Package: longtable 2021-09-01 v4.17 Multi-page Table package (DPC)
\LTleft=\skip56
\LTright=\skip57
\LTpre=\skip58
\LTpost=\skip59
\LTchunksize=\count302
\LTcapwidth=\dimen179
\LT@head=\box60
\LT@firsthead=\box61
\LT@foot=\box62
\LT@lastfoot=\box63
\LT@gbox=\box64
\LT@cols=\count303
\LT@rows=\count304
\c@LT@tables=\count305
\c@LT@chunks=\count306
\LT@p@ftn=\toks25
) (/Users/paulyna/Library/TinyTeX/texmf-dist/tex/latex/tools/array.sty
Package: array 2021/10/04 v2.5f Tabular extension package (FMi)
\col@sep=\dimen180
\ar@mcellbox=\box65
\extrarowheight=\dimen181
\NC@list=\toks26
\extratabsurround=\skip60
\backup@length=\skip61
\ar@cellbox=\box66
) (/Users/paulyna/Library/TinyTeX/texmf-dist/tex/latex/multirow/multirow.sty
Package: multirow 2021/03/15 v2.8 Span multiple rows of a table
\multirow@colwidth=\skip62
\multirow@cntb=\count307
\multirow@dima=\skip63
\bigstrutjot=\dimen182
) (/Users/paulyna/Library/TinyTeX/texmf-dist/tex/latex/wrapfig/wrapfig.sty
\wrapoverhang=\dimen183
\WF@size=\dimen184
\c@WF@wrappedlines=\count308
\WF@box=\box67
\WF@everypar=\toks27
Package: wrapfig 2003/01/31  v 3.6
) (/Users/paulyna/Library/TinyTeX/texmf-dist/tex/latex/float/float.sty
Package: float 2001/11/08 v1.3d Float enhancements (AL)
\c@float@type=\count309
\float@exts=\toks28
\float@box=\box68
\@float@everytoks=\toks29
\@floatcapt=\box69
) (/Users/paulyna/Library/TinyTeX/texmf-dist/tex/latex/colortbl/colortbl.sty
Package: colortbl 2020/01/04 v1.0e Color table columns (DPC)
\everycr=\toks30
\minrowclearance=\skip64
) (/Users/paulyna/Library/TinyTeX/texmf-dist/tex/latex/pdflscape/pdflscape.sty
Package: pdflscape 2019/12/05 v0.12 Display of landscape pages in PDF (HO)
(/Users/paulyna/Library/TinyTeX/texmf-dist/tex/latex/graphics/lscape.sty
Package: lscape 2020/05/28 v3.02 Landscape Pages (DPC)
)
Package pdflscape Info: Auto-detected driver: pdftex on input line 81.
) (/Users/paulyna/Library/TinyTeX/texmf-dist/tex/latex/tabu/tabu.sty
Package: tabu 2019/01/11 v2.9 - flexible LaTeX tabulars (FC+tabu-fixed)
(/Users/paulyna/Library/TinyTeX/texmf-dist/tex/latex/varwidth/varwidth.sty
Package: varwidth 2009/03/30 ver 0.92;  Variable-width minipages
\@vwid@box=\box70
\sift@deathcycles=\count310
\@vwid@loff=\dimen185
\@vwid@roff=\dimen186
)
\c@taburow=\count311
\tabu@nbcols=\count312
\tabu@cnt=\count313
\tabu@Xcol=\count314
\tabu@alloc=\count315
\tabu@nested=\count316
\tabu@target=\dimen187
\tabu@spreadtarget=\dimen188
\tabu@naturalX=\dimen189
\tabucolX=\dimen190
\tabu@Xsum=\dimen191
\extrarowdepth=\dimen192
\abovetabulinesep=\dimen193
\belowtabulinesep=\dimen194
\tabustrutrule=\dimen195
\tabu@thebody=\toks31
\tabu@footnotes=\toks32
\tabu@box=\box71
\tabu@arstrutbox=\box72
\tabu@hleads=\box73
\tabu@vleads=\box74
\tabu@cellskip=\skip65
)
(/Users/paulyna/Library/TinyTeX/texmf-dist/tex/latex/threeparttable/threepartta
ble.sty
Package: threeparttable 2003/06/13  v 3.0
\@tempboxb=\box75
)
(/Users/paulyna/Library/TinyTeX/texmf-dist/tex/latex/threeparttablex/threepartt
ablex.sty
Package: threeparttablex 2013/07/23 v0.3 by daleif
(/Users/paulyna/Library/TinyTeX/texmf-dist/tex/latex/environ/environ.sty
Package: environ 2014/05/04 v0.3 A new way to define environments
(/Users/paulyna/Library/TinyTeX/texmf-dist/tex/latex/trimspaces/trimspaces.sty
Package: trimspaces 2009/09/17 v1.1 Trim spaces around a token list
))
\TPTL@width=\skip66
) (/Users/paulyna/Library/TinyTeX/texmf-dist/tex/generic/ulem/ulem.sty
\UL@box=\box76
\UL@hyphenbox=\box77
\UL@skip=\skip67
\UL@hook=\toks33
\UL@height=\dimen196
\UL@pe=\count317
\UL@pixel=\dimen197
\ULC@box=\box78
Package: ulem 2019/11/18
\ULdepth=\dimen198
) (/Users/paulyna/Library/TinyTeX/texmf-dist/tex/latex/makecell/makecell.sty
Package: makecell 2009/08/03 V0.1e Managing of Tab Column Heads and Cells
\rotheadsize=\dimen199
\c@nlinenum=\count318
\TeXr@lab=\toks34
)
(/Users/paulyna/Library/TinyTeX/texmf-dist/tex/latex/l3backend/l3backend-pdftex
.def
File: l3backend-pdftex.def 2022-02-07 L3 backend support: PDF output (pdfTeX)
\l__color_backend_stack_int=\count319
\l__pdf_internal_box=\box79
) (./GSE75037.aux)
\openout1 = `GSE75037.aux'.

LaTeX Font Info:    Checking defaults for OML/cmm/m/it on input line 126.
LaTeX Font Info:    ... okay on input line 126.
LaTeX Font Info:    Checking defaults for OMS/cmsy/m/n on input line 126.
LaTeX Font Info:    ... okay on input line 126.
LaTeX Font Info:    Checking defaults for OT1/cmr/m/n on input line 126.
LaTeX Font Info:    ... okay on input line 126.
LaTeX Font Info:    Checking defaults for T1/cmr/m/n on input line 126.
LaTeX Font Info:    ... okay on input line 126.
LaTeX Font Info:    Checking defaults for TS1/cmr/m/n on input line 126.
LaTeX Font Info:    ... okay on input line 126.
LaTeX Font Info:    Checking defaults for OMX/cmex/m/n on input line 126.
LaTeX Font Info:    ... okay on input line 126.
LaTeX Font Info:    Checking defaults for U/cmr/m/n on input line 126.
LaTeX Font Info:    ... okay on input line 126.
LaTeX Font Info:    Checking defaults for PD1/pdf/m/n on input line 126.
LaTeX Font Info:    ... okay on input line 126.
LaTeX Font Info:    Checking defaults for PU/pdf/m/n on input line 126.
LaTeX Font Info:    ... okay on input line 126.

(/Users/paulyna/Library/TinyTeX/texmf-dist/tex/latex/epstopdf-pkg/epstopdf-base
.sty
Package: epstopdf-base 2020-01-24 v2.11 Base part for package epstopdf
Package epstopdf-base Info: Redefining graphics rule for `.eps' on input line 4
85.

(/Users/paulyna/Library/TinyTeX/texmf-dist/tex/latex/latexconfig/epstopdf-sys.c
fg
File: epstopdf-sys.cfg 2010/07/13 v1.3 Configuration of (r)epstopdf for TeX Liv
e
))
Package hyperref Info: Link coloring OFF on input line 126.
(/Users/paulyna/Library/TinyTeX/texmf-dist/tex/latex/hyperref/nameref.sty
Package: nameref 2021-04-02 v2.47 Cross-referencing by name of section
(/Users/paulyna/Library/TinyTeX/texmf-dist/tex/latex/refcount/refcount.sty
Package: refcount 2019/12/15 v3.6 Data extraction from label references (HO)
)
(/Users/paulyna/Library/TinyTeX/texmf-dist/tex/generic/gettitlestring/gettitles
tring.sty
Package: gettitlestring 2019/12/15 v1.6 Cleanup title references (HO)
)
\c@section@level=\count320
)
LaTeX Info: Redefining \ref on input line 126.
LaTeX Info: Redefining \pageref on input line 126.
LaTeX Info: Redefining \nameref on input line 126.
(./GSE75037.out) (./GSE75037.out)
\@outlinefile=\write4
\openout4 = `GSE75037.out'.

*geometry* driver: auto-detecting
*geometry* detected driver: pdftex
*geometry* verbose mode - [ preamble ] result:
* driver: pdftex
* paper: <default>
* layout: <same size as paper>
* layoutoffset:(h,v)=(0.0pt,0.0pt)
* modes: 
* h-part:(L,W,R)=(72.26999pt, 469.75502pt, 72.26999pt)
* v-part:(T,H,B)=(72.26999pt, 650.43001pt, 72.26999pt)
* \paperwidth=614.295pt
* \paperheight=794.96999pt
* \textwidth=469.75502pt
* \textheight=650.43001pt
* \oddsidemargin=0.0pt
* \evensidemargin=0.0pt
* \topmargin=-37.0pt
* \headheight=12.0pt
* \headsep=25.0pt
* \topskip=10.0pt
* \footskip=30.0pt
* \marginparwidth=65.0pt
* \marginparsep=11.0pt
* \columnsep=10.0pt
* \skip\footins=9.0pt plus 4.0pt minus 2.0pt
* \hoffset=0.0pt
* \voffset=0.0pt
* \mag=1000
* \@twocolumnfalse
* \@twosidefalse
* \@mparswitchfalse
* \@reversemarginfalse
* (1in=72.27pt=25.4mm, 1cm=28.453pt)

LaTeX Font Info:    Trying to load font information for OT1+lmr on input line 1
28.
(/Users/paulyna/Library/TinyTeX/texmf-dist/tex/latex/lm/ot1lmr.fd
File: ot1lmr.fd 2015/05/01 v1.6.1 Font defs for Latin Modern
)
LaTeX Font Info:    Trying to load font information for OML+lmm on input line 1
28.
(/Users/paulyna/Library/TinyTeX/texmf-dist/tex/latex/lm/omllmm.fd
File: omllmm.fd 2015/05/01 v1.6.1 Font defs for Latin Modern
)
LaTeX Font Info:    Trying to load font information for OMS+lmsy on input line 
128.
(/Users/paulyna/Library/TinyTeX/texmf-dist/tex/latex/lm/omslmsy.fd
File: omslmsy.fd 2015/05/01 v1.6.1 Font defs for Latin Modern
)
LaTeX Font Info:    Trying to load font information for OMX+lmex on input line 
128.
(/Users/paulyna/Library/TinyTeX/texmf-dist/tex/latex/lm/omxlmex.fd
File: omxlmex.fd 2015/05/01 v1.6.1 Font defs for Latin Modern
)
LaTeX Font Info:    External font `lmex10' loaded for size
(Font)              <12> on input line 128.
LaTeX Font Info:    External font `lmex10' loaded for size
(Font)              <8> on input line 128.
LaTeX Font Info:    External font `lmex10' loaded for size
(Font)              <6> on input line 128.
LaTeX Font Info:    Trying to load font information for U+msa on input line 128
.
(/Users/paulyna/Library/TinyTeX/texmf-dist/tex/latex/amsfonts/umsa.fd
File: umsa.fd 2013/01/14 v3.01 AMS symbols A
)
LaTeX Font Info:    Trying to load font information for U+msb on input line 128
.
(/Users/paulyna/Library/TinyTeX/texmf-dist/tex/latex/amsfonts/umsb.fd
File: umsb.fd 2013/01/14 v3.01 AMS symbols B
) (./GSE75037.toc
LaTeX Font Info:    External font `lmex10' loaded for size
(Font)              <10> on input line 5.
LaTeX Font Info:    External font `lmex10' loaded for size
(Font)              <7> on input line 5.
LaTeX Font Info:    External font `lmex10' loaded for size
(Font)              <5> on input line 5.
)
\tf@toc=\write5
\openout5 = `GSE75037.toc'.

[1

{/Users/paulyna/Library/TinyTeX/texmf-var/fonts/map/pdftex/updmap/pdftex.map}]
LaTeX Font Info:    Trying to load font information for T1+lmtt on input line 1
39.
(/Users/paulyna/Library/TinyTeX/texmf-dist/tex/latex/lm/t1lmtt.fd
File: t1lmtt.fd 2015/05/01 v1.6.1 Font defs for Latin Modern
) [2]
LaTeX Font Info:    Trying to load font information for TS1+lmtt on input line 
263.
(/Users/paulyna/Library/TinyTeX/texmf-dist/tex/latex/lm/ts1lmtt.fd
File: ts1lmtt.fd 2015/05/01 v1.6.1 Font defs for Latin Modern
)

LaTeX Warning: `!h' float specifier changed to `!ht'.

[3]
</Users/paulyna/Documents/Github/Gene Analysis/./PDFs_outcome/GSE75037_files/fi
gure-latex/boxplot-1.pdf, id=129, 371.3875pt x 183.68625pt>
File: /Users/paulyna/Documents/Github/Gene Analysis/./PDFs_outcome/GSE75037_fil
es/figure-latex/boxplot-1.pdf Graphic file (type pdf)
<use /Users/paulyna/Documents/Github/Gene Analysis/./PDFs_outcome/GSE75037_file
s/figure-latex/boxplot-1.pdf>
Package pdftex.def Info: /Users/paulyna/Documents/Github/Gene Analysis/./PDFs_o
utcome/GSE75037_files/figure-latex/boxplot-1.pdf  used on input line 341.
(pdftex.def)             Requested size: 371.3979pt x 183.69138pt.
LaTeX Font Info:    Font shape `T1/lmtt/bx/n' in size <10> not available
(Font)              Font shape `T1/lmtt/b/n' tried instead on input line 355.

LaTeX Font Warning: Font shape `T1/lmtt/bx/it' in size <10> not available
(Font)              Font shape `T1/lmtt/b/sl' tried instead on input line 355.


LaTeX Font Warning: Font shape `TS1/lmtt/bx/it' in size <10> not available
(Font)              Font shape `TS1/lmtt/b/sl' tried instead on input line 355.


[4]
</Users/paulyna/Documents/Github/Gene Analysis/./PDFs_outcome/GSE75037_files/fi
gure-latex/unnamed-chunk-3-1.pdf, id=139, 427.5975pt x 280.04625pt>
File: /Users/paulyna/Documents/Github/Gene Analysis/./PDFs_outcome/GSE75037_fil
es/figure-latex/unnamed-chunk-3-1.pdf Graphic file (type pdf)
<use /Users/paulyna/Documents/Github/Gene Analysis/./PDFs_outcome/GSE75037_file
s/figure-latex/unnamed-chunk-3-1.pdf>
Package pdftex.def Info: /Users/paulyna/Documents/Github/Gene Analysis/./PDFs_o
utcome/GSE75037_files/figure-latex/unnamed-chunk-3-1.pdf  used on input line 37
8.
(pdftex.def)             Requested size: 427.59645pt x 280.04555pt.
[5pdfTeX warning (ext4): destination with the same identifier (name{figure.1}) 
has been already used, duplicate ignored
<argument> ...shipout:D \box_use:N \l_shipout_box 
                                                  \__shipout_drop_firstpage_...
l.391 \end{Shaded}
                   </Users/paulyna/Documents/Github/Gene Analysis/./PDFs_outcom
e/GSE75037_files/figure-latex/boxplot-1.pdf> </Users/paulyna/Documents/Github/G
ene Analysis/./PDFs_outcome/GSE75037_files/figure-latex/unnamed-chunk-3-1.pdf>]
</Users/paulyna/Documents/Github/Gene Analysis/./PDFs_outcome/GSE75037_files/fi
gure-latex/unnamed-chunk-4-1.pdf, id=160, 425.59pt x 280.04625pt>
File: /Users/paulyna/Documents/Github/Gene Analysis/./PDFs_outcome/GSE75037_fil
es/figure-latex/unnamed-chunk-4-1.pdf Graphic file (type pdf)
<use /Users/paulyna/Documents/Github/Gene Analysis/./PDFs_outcome/GSE75037_file
s/figure-latex/unnamed-chunk-4-1.pdf>
Package pdftex.def Info: /Users/paulyna/Documents/Github/Gene Analysis/./PDFs_o
utcome/GSE75037_files/figure-latex/unnamed-chunk-4-1.pdf  used on input line 39
3.
(pdftex.def)             Requested size: 425.60841pt x 280.05836pt.
</Users/paulyna/Documents/Github/Gene Analysis/./PDFs_outcome/GSE75037_files/fi
gure-latex/MDS-1.pdf, id=161, 404.51125pt x 360.34625pt>
File: /Users/paulyna/Documents/Github/Gene Analysis/./PDFs_outcome/GSE75037_fil
es/figure-latex/MDS-1.pdf Graphic file (type pdf)
<use /Users/paulyna/Documents/Github/Gene Analysis/./PDFs_outcome/GSE75037_file
s/figure-latex/MDS-1.pdf>
Package pdftex.def Info: /Users/paulyna/Documents/Github/Gene Analysis/./PDFs_o
utcome/GSE75037_files/figure-latex/MDS-1.pdf  used on input line 402.
(pdftex.def)             Requested size: 404.51025pt x 360.34537pt.
[6 </Users/paulyna/Documents/Github/Gene Analysis/./PDFs_outcome/GSE75037_files
/figure-latex/unnamed-chunk-4-1.pdf>]
</Users/paulyna/Documents/Github/Gene Analysis/./PDFs_outcome/GSE75037_files/fi
gure-latex/unnamed-chunk-5-1.pdf, id=174, 417.56pt x 277.035pt>
File: /Users/paulyna/Documents/Github/Gene Analysis/./PDFs_outcome/GSE75037_fil
es/figure-latex/unnamed-chunk-5-1.pdf Graphic file (type pdf)
<use /Users/paulyna/Documents/Github/Gene Analysis/./PDFs_outcome/GSE75037_file
s/figure-latex/unnamed-chunk-5-1.pdf>
Package pdftex.def Info: /Users/paulyna/Documents/Github/Gene Analysis/./PDFs_o
utcome/GSE75037_files/figure-latex/unnamed-chunk-5-1.pdf  used on input line 41
4.
(pdftex.def)             Requested size: 417.55896pt x 277.03432pt.
[7 </Users/paulyna/Documents/Github/Gene Analysis/./PDFs_outcome/GSE75037_files
/figure-latex/MDS-1.pdf>] [8 </Users/paulyna/Documents/Github/Gene Analysis/./P
DFs_outcome/GSE75037_files/figure-latex/unnamed-chunk-5-1.pdf>] [9]
</Users/paulyna/Documents/Github/Gene Analysis/./PDFs_outcome/GSE75037_files/fi
gure-latex/volcano plot-1.pdf, id=207, 423.5825pt x 279.0425pt>
File: /Users/paulyna/Documents/Github/Gene Analysis/./PDFs_outcome/GSE75037_fil
es/figure-latex/volcano plot-1.pdf Graphic file (type pdf)
<use /Users/paulyna/Documents/Github/Gene Analysis/./PDFs_outcome/GSE75037_file
s/figure-latex/volcano plot-1.pdf>
Package pdftex.def Info: /Users/paulyna/Documents/Github/Gene Analysis/./PDFs_o
utcome/GSE75037_files/figure-latex/volcano plot-1.pdf  used on input line 593.
(pdftex.def)             Requested size: 423.59439pt x 279.05032pt.
[10 </Users/paulyna/Documents/Github/Gene Analysis/./PDFs_outcome/GSE75037_file
s/figure-latex/volcano plot-1.pdf>]
</Users/paulyna/Documents/Github/Gene Analysis/./PDFs_outcome/GSE75037_files/fi
gure-latex/volcano_plot_pink-1.pdf, id=221, 423.5825pt x 279.0425pt>
File: /Users/paulyna/Documents/Github/Gene Analysis/./PDFs_outcome/GSE75037_fil
es/figure-latex/volcano_plot_pink-1.pdf Graphic file (type pdf)
<use /Users/paulyna/Documents/Github/Gene Analysis/./PDFs_outcome/GSE75037_file
s/figure-latex/volcano_plot_pink-1.pdf>
Package pdftex.def Info: /Users/paulyna/Documents/Github/Gene Analysis/./PDFs_o
utcome/GSE75037_files/figure-latex/volcano_plot_pink-1.pdf  used on input line 
609.
(pdftex.def)             Requested size: 423.59439pt x 279.05032pt.
</Users/paulyna/Documents/Github/Gene Analysis/./PDFs_outcome/GSE75037_files/fi
gure-latex/plotSA-1.pdf, id=222, 400.49625pt x 249.93375pt>
File: /Users/paulyna/Documents/Github/Gene Analysis/./PDFs_outcome/GSE75037_fil
es/figure-latex/plotSA-1.pdf Graphic file (type pdf)
<use /Users/paulyna/Documents/Github/Gene Analysis/./PDFs_outcome/GSE75037_file
s/figure-latex/plotSA-1.pdf>
Package pdftex.def Info: /Users/paulyna/Documents/Github/Gene Analysis/./PDFs_o
utcome/GSE75037_files/figure-latex/plotSA-1.pdf  used on input line 618.
(pdftex.def)             Requested size: 400.50748pt x 249.94075pt.
[11 </Users/paulyna/Documents/Github/Gene Analysis/./PDFs_outcome/GSE75037_file
s/figure-latex/volcano_plot_pink-1.pdf>]

LaTeX Warning: `!h' float specifier changed to `!ht'.


LaTeX Warning: `!h' float specifier changed to `!ht'.

[12 </Users/paulyna/Documents/Github/Gene Analysis/./PDFs_outcome/GSE75037_file
s/figure-latex/plotSA-1.pdf>]
</Users/paulyna/Documents/Github/Gene Analysis/./PDFs_outcome/GSE75037_files/fi
gure-latex/unnamed-chunk-13-1.pdf, id=247, 400.49625pt x 249.93375pt>
File: /Users/paulyna/Documents/Github/Gene Analysis/./PDFs_outcome/GSE75037_fil
es/figure-latex/unnamed-chunk-13-1.pdf Graphic file (type pdf)
<use /Users/paulyna/Documents/Github/Gene Analysis/./PDFs_outcome/GSE75037_file
s/figure-latex/unnamed-chunk-13-1.pdf>
Package pdftex.def Info: /Users/paulyna/Documents/Github/Gene Analysis/./PDFs_o
utcome/GSE75037_files/figure-latex/unnamed-chunk-13-1.pdf  used on input line 7
13.
(pdftex.def)             Requested size: 400.50748pt x 249.94075pt.

LaTeX Warning: `!h' float specifier changed to `!ht'.

[13 </Users/paulyna/Documents/Github/Gene Analysis/./PDFs_outcome/GSE75037_file
s/figure-latex/unnamed-chunk-13-1.pdf>] [14] [15] [16] (./GSE75037.aux)
Package rerunfilecheck Info: File `GSE75037.out' has not changed.
(rerunfilecheck)             Checksum: E7C6A8F1B9DA5032685F6BEFDF9E1AE3;2781.
 ) 
Here is how much of TeX's memory you used:
 13095 strings out of 480236
 210981 string characters out of 5894869
 525563 words of memory out of 5000000
 30721 multiletter control sequences out of 15000+600000
 521027 words of font info for 75 fonts, out of 8000000 for 9000
 14 hyphenation exceptions out of 8191
 60i,10n,63p,491b,466s stack positions out of 5000i,500n,10000p,200000b,80000s
{/Users/paulyna/Library/TinyTeX/texmf-dist/fonts/enc/dvips/lm/lm-ec.enc}{/Use
rs/paulyna/Library/TinyTeX/texmf-dist/fonts/enc/dvips/lm/lm-ts1.enc}</Users/pau
lyna/Library/TinyTeX/texmf-dist/fonts/type1/public/lm/lmbx10.pfb></Users/paulyn
a/Library/TinyTeX/texmf-dist/fonts/type1/public/lm/lmbx12.pfb></Users/paulyna/L
ibrary/TinyTeX/texmf-dist/fonts/type1/public/lm/lmr10.pfb></Users/paulyna/Libra
ry/TinyTeX/texmf-dist/fonts/type1/public/lm/lmr12.pfb></Users/paulyna/Library/T
inyTeX/texmf-dist/fonts/type1/public/lm/lmr17.pfb></Users/paulyna/Library/TinyT
eX/texmf-dist/fonts/type1/public/lm/lmri10.pfb></Users/paulyna/Library/TinyTeX/
texmf-dist/fonts/type1/public/lm/lmtko10.pfb></Users/paulyna/Library/TinyTeX/te
xmf-dist/fonts/type1/public/lm/lmtt10.pfb></Users/paulyna/Library/TinyTeX/texmf
-dist/fonts/type1/public/lm/lmtti10.pfb>
Output written on GSE75037.pdf (16 pages, 7832404 bytes).
PDF statistics:
 337 PDF objects out of 1000 (max. 8388607)
 269 compressed objects within 3 object streams
 59 named destinations out of 1000 (max. 500000)
 198 words of extra memory for PDF output out of 10000 (max. 10000000)

